<?xml version="1.0" encoding="UTF-8"?>
<testng-results ignored="0" total="7" passed="6" failed="1" skipped="0">
  <reporter-output>
  </reporter-output>
  <suite started-at="2024-03-26T22:11:40 IST" name="Suite" finished-at="2024-03-26T22:12:21 IST" duration-ms="40684">
    <groups>
      <group name="regression">
        <method signature="LoginTest.verifyLogin(java.lang.String,java.lang.String)[pri:1, instance:test.LoginTest@4b013c76]" name="verifyLogin" class="test.LoginTest"/>
        <method signature="ProjectsTest.verifyDeletecProjects()[pri:4, instance:test.ProjectsTest@7e057f43]" name="verifyDeletecProjects" class="test.ProjectsTest"/>
        <method signature="ProjectsTest.verifyEditProjects()[pri:3, instance:test.ProjectsTest@7e057f43]" name="verifyEditProjects" class="test.ProjectsTest"/>
        <method signature="ProjectsTest.verifyProjectsCreation()[pri:1, instance:test.ProjectsTest@7e057f43]" name="verifyProjectsCreation" class="test.ProjectsTest"/>
        <method signature="ProjectsTest.verifySearchProjects()[pri:2, instance:test.ProjectsTest@7e057f43]" name="verifySearchProjects" class="test.ProjectsTest"/>
      </group> <!-- regression -->
      <group name="smoke">
        <method signature="ProjectsTest.verifyDeletecProjects()[pri:4, instance:test.ProjectsTest@7e057f43]" name="verifyDeletecProjects" class="test.ProjectsTest"/>
        <method signature="ProjectsTest.verifyEditProjects()[pri:3, instance:test.ProjectsTest@7e057f43]" name="verifyEditProjects" class="test.ProjectsTest"/>
        <method signature="ProjectsTest.verifyProjectsCreation()[pri:1, instance:test.ProjectsTest@7e057f43]" name="verifyProjectsCreation" class="test.ProjectsTest"/>
      </group> <!-- smoke -->
    </groups>
    <test started-at="2024-03-26T22:11:40 IST" name="Test" finished-at="2024-03-26T22:12:21 IST" duration-ms="40684">
      <class name="test.LoginTest">
        <test-method is-config="true" signature="beforeMethod(java.lang.String)[pri:0, instance:test.LoginTest@4b013c76]" started-at="2024-03-26T22:11:40 IST" name="beforeMethod" finished-at="2024-03-26T22:11:43 IST" duration-ms="3228" status="PASS">
          <params>
            <param index="0">
              <value>
                <![CDATA[chrome]]>
              </value>
            </param>
          </params>
          <reporter-output>
          </reporter-output>
        </test-method> <!-- beforeMethod -->
        <test-method signature="verifyLogin(java.lang.String,java.lang.String)[pri:1, instance:test.LoginTest@4b013c76]" started-at="2024-03-26T22:11:43 IST" name="verifyLogin" data-provider="userData" finished-at="2024-03-26T22:11:45 IST" duration-ms="1181" status="PASS">
          <params>
            <param index="0">
              <value>
                <![CDATA[admin@admin.com]]>
              </value>
            </param>
            <param index="1">
              <value>
                <![CDATA[12345678]]>
              </value>
            </param>
          </params>
          <reporter-output>
          </reporter-output>
        </test-method> <!-- verifyLogin -->
        <test-method is-config="true" signature="afterMethod(org.testng.ITestResult)[pri:0, instance:test.LoginTest@4b013c76]" started-at="2024-03-26T22:11:45 IST" name="afterMethod" finished-at="2024-03-26T22:11:45 IST" duration-ms="138" status="PASS">
          <params>
            <param index="0">
              <value>
                <![CDATA[[TestResult name=verifyLogin status=SUCCESS method=LoginTest.verifyLogin(java.lang.String,java.lang.String)[pri:1, instance:test.LoginTest@4b013c76] output={null}]]]>
              </value>
            </param>
          </params>
          <reporter-output>
          </reporter-output>
        </test-method> <!-- afterMethod -->
      </class> <!-- test.LoginTest -->
      <class name="test.ClientsTest">
        <test-method is-config="true" signature="beforeMethod(java.lang.String)[pri:0, instance:test.ClientsTest@6c284af]" started-at="2024-03-26T22:12:10 IST" name="beforeMethod" finished-at="2024-03-26T22:12:13 IST" duration-ms="2730" status="PASS">
          <params>
            <param index="0">
              <value>
                <![CDATA[chrome]]>
              </value>
            </param>
          </params>
          <reporter-output>
          </reporter-output>
        </test-method> <!-- beforeMethod -->
        <test-method signature="verifyAddClients()[pri:1, instance:test.ClientsTest@6c284af]" started-at="2024-03-26T22:12:13 IST" name="verifyAddClients" finished-at="2024-03-26T22:12:16 IST" duration-ms="3141" status="FAIL">
          <exception class="org.openqa.selenium.ElementNotInteractableException">
            <message>
              <![CDATA[element not interactable
  (Session info: chrome=123.0.6312.58)
Build info: version: '4.16.1', revision: '9b4c83354e'
System info: os.name: 'Windows 11', os.arch: 'amd64', os.version: '10.0', java.version: '17.0.9'
Driver info: org.openqa.selenium.chrome.ChromeDriver
Command: [25d25bab6a256c8b9b918b1cea24d296, sendKeysToElement {id=f.D8F99D42768117CCE2D5730068B73667.d.F1A147BFC131573D55896A8244DB2F82.e.135, value=[Ljava.lang.CharSequence;@27976390}]
Capabilities {acceptInsecureCerts: false, browserName: chrome, browserVersion: 123.0.6312.58, chrome: {chromedriverVersion: 123.0.6312.58 (6b4b19e9dfbb..., userDataDir: C:\Users\dell\AppData\Local...}, fedcm:accounts: true, goog:chromeOptions: {debuggerAddress: localhost:56174}, networkConnectionEnabled: false, pageLoadStrategy: normal, platformName: windows, proxy: Proxy(), se:cdp: ws://localhost:56174/devtoo..., se:cdpVersion: 123.0.6312.58, setWindowRect: true, strictFileInteractability: false, timeouts: {implicit: 0, pageLoad: 300000, script: 30000}, unhandledPromptBehavior: dismiss and notify, webauthn:extension:credBlob: true, webauthn:extension:largeBlob: true, webauthn:extension:minPinLength: true, webauthn:extension:prf: true, webauthn:virtualAuthenticators: true}
Element: [[ChromeDriver: chrome on windows (25d25bab6a256c8b9b918b1cea24d296)] -> xpath: //input[@name='vat_number']//parent::div]
Session ID: 25d25bab6a256c8b9b918b1cea24d296]]>
            </message>
            <full-stacktrace>
              <![CDATA[org.openqa.selenium.ElementNotInteractableException: element not interactable
  (Session info: chrome=123.0.6312.58)
Build info: version: '4.16.1', revision: '9b4c83354e'
System info: os.name: 'Windows 11', os.arch: 'amd64', os.version: '10.0', java.version: '17.0.9'
Driver info: org.openqa.selenium.chrome.ChromeDriver
Command: [25d25bab6a256c8b9b918b1cea24d296, sendKeysToElement {id=f.D8F99D42768117CCE2D5730068B73667.d.F1A147BFC131573D55896A8244DB2F82.e.135, value=[Ljava.lang.CharSequence;@27976390}]
Capabilities {acceptInsecureCerts: false, browserName: chrome, browserVersion: 123.0.6312.58, chrome: {chromedriverVersion: 123.0.6312.58 (6b4b19e9dfbb..., userDataDir: C:\Users\dell\AppData\Local...}, fedcm:accounts: true, goog:chromeOptions: {debuggerAddress: localhost:56174}, networkConnectionEnabled: false, pageLoadStrategy: normal, platformName: windows, proxy: Proxy(), se:cdp: ws://localhost:56174/devtoo..., se:cdpVersion: 123.0.6312.58, setWindowRect: true, strictFileInteractability: false, timeouts: {implicit: 0, pageLoad: 300000, script: 30000}, unhandledPromptBehavior: dismiss and notify, webauthn:extension:credBlob: true, webauthn:extension:largeBlob: true, webauthn:extension:minPinLength: true, webauthn:extension:prf: true, webauthn:virtualAuthenticators: true}
Element: [[ChromeDriver: chrome on windows (25d25bab6a256c8b9b918b1cea24d296)] -> xpath: //input[@name='vat_number']//parent::div]
Session ID: 25d25bab6a256c8b9b918b1cea24d296
at java.base/jdk.internal.reflect.NativeConstructorAccessorImpl.newInstance0(Native Method)
at java.base/jdk.internal.reflect.NativeConstructorAccessorImpl.newInstance(NativeConstructorAccessorImpl.java:77)
at java.base/jdk.internal.reflect.DelegatingConstructorAccessorImpl.newInstance(DelegatingConstructorAccessorImpl.java:45)
at java.base/java.lang.reflect.Constructor.newInstanceWithCaller(Constructor.java:499)
at java.base/java.lang.reflect.Constructor.newInstance(Constructor.java:480)
at org.openqa.selenium.remote.codec.w3c.W3CHttpResponseCodec.createException(W3CHttpResponseCodec.java:200)
at org.openqa.selenium.remote.codec.w3c.W3CHttpResponseCodec.decode(W3CHttpResponseCodec.java:133)
at org.openqa.selenium.remote.codec.w3c.W3CHttpResponseCodec.decode(W3CHttpResponseCodec.java:52)
at org.openqa.selenium.remote.HttpCommandExecutor.execute(HttpCommandExecutor.java:191)
at org.openqa.selenium.remote.service.DriverCommandExecutor.invokeExecute(DriverCommandExecutor.java:200)
at org.openqa.selenium.remote.service.DriverCommandExecutor.execute(DriverCommandExecutor.java:175)
at org.openqa.selenium.remote.RemoteWebDriver.execute(RemoteWebDriver.java:523)
at org.openqa.selenium.remote.RemoteWebElement.execute(RemoteWebElement.java:224)
at org.openqa.selenium.remote.RemoteWebElement.sendKeys(RemoteWebElement.java:111)
at jdk.internal.reflect.GeneratedMethodAccessor4.invoke(Unknown Source)
at java.base/jdk.internal.reflect.DelegatingMethodAccessorImpl.invoke(DelegatingMethodAccessorImpl.java:43)
at java.base/java.lang.reflect.Method.invoke(Method.java:568)
at org.openqa.selenium.support.pagefactory.internal.LocatingElementHandler.invoke(LocatingElementHandler.java:51)
at jdk.proxy2/jdk.proxy2.$Proxy17.sendKeys(Unknown Source)
at page.ClientsPage.enterClientDetails(ClientsPage.java:80)
at test.ClientsTest.verifyAddClients(ClientsTest.java:20)
at java.base/jdk.internal.reflect.NativeMethodAccessorImpl.invoke0(Native Method)
at java.base/jdk.internal.reflect.NativeMethodAccessorImpl.invoke(NativeMethodAccessorImpl.java:77)
at java.base/jdk.internal.reflect.DelegatingMethodAccessorImpl.invoke(DelegatingMethodAccessorImpl.java:43)
at java.base/java.lang.reflect.Method.invoke(Method.java:568)
at org.testng.internal.MethodInvocationHelper.invokeMethod(MethodInvocationHelper.java:133)
at org.testng.internal.TestInvoker.invokeMethod(TestInvoker.java:598)
at org.testng.internal.TestInvoker.invokeTestMethod(TestInvoker.java:173)
at org.testng.internal.MethodRunner.runInSequence(MethodRunner.java:46)
at org.testng.internal.TestInvoker$MethodInvocationAgent.invoke(TestInvoker.java:824)
at org.testng.internal.TestInvoker.invokeTestMethods(TestInvoker.java:146)
at org.testng.internal.TestMethodWorker.invokeTestMethods(TestMethodWorker.java:146)
at org.testng.internal.TestMethodWorker.run(TestMethodWorker.java:128)
at java.base/java.util.ArrayList.forEach(ArrayList.java:1511)
at org.testng.TestRunner.privateRun(TestRunner.java:794)
at org.testng.TestRunner.run(TestRunner.java:596)
at org.testng.SuiteRunner.runTest(SuiteRunner.java:377)
at org.testng.SuiteRunner.runSequentially(SuiteRunner.java:371)
at org.testng.SuiteRunner.privateRun(SuiteRunner.java:332)
at org.testng.SuiteRunner.run(SuiteRunner.java:276)
at org.testng.SuiteRunnerWorker.runSuite(SuiteRunnerWorker.java:53)
at org.testng.SuiteRunnerWorker.run(SuiteRunnerWorker.java:96)
at org.testng.TestNG.runSuitesSequentially(TestNG.java:1212)
at org.testng.TestNG.runSuitesLocally(TestNG.java:1134)
at org.testng.TestNG.runSuites(TestNG.java:1063)
at org.testng.TestNG.run(TestNG.java:1031)
at org.testng.remote.AbstractRemoteTestNG.run(AbstractRemoteTestNG.java:115)
at org.testng.remote.RemoteTestNG.initAndRun(RemoteTestNG.java:251)
at org.testng.remote.RemoteTestNG.main(RemoteTestNG.java:77)
]]>
            </full-stacktrace>
          </exception> <!-- org.openqa.selenium.ElementNotInteractableException -->
          <reporter-output>
          </reporter-output>
        </test-method> <!-- verifyAddClients -->
        <test-method is-config="true" signature="afterMethod(org.testng.ITestResult)[pri:0, instance:test.ClientsTest@6c284af]" started-at="2024-03-26T22:12:16 IST" name="afterMethod" finished-at="2024-03-26T22:12:16 IST" duration-ms="354" status="PASS">
          <params>
            <param index="0">
              <value>
                <![CDATA[[TestResult name=verifyAddClients status=FAILURE method=ClientsTest.verifyAddClients()[pri:1, instance:test.ClientsTest@6c284af] output={null}]]]>
              </value>
            </param>
          </params>
          <reporter-output>
          </reporter-output>
        </test-method> <!-- afterMethod -->
        <test-method is-config="true" signature="beforeMethod(java.lang.String)[pri:0, instance:test.ClientsTest@6c284af]" started-at="2024-03-26T22:12:16 IST" name="beforeMethod" finished-at="2024-03-26T22:12:19 IST" duration-ms="2476" status="PASS">
          <params>
            <param index="0">
              <value>
                <![CDATA[chrome]]>
              </value>
            </param>
          </params>
          <reporter-output>
          </reporter-output>
        </test-method> <!-- beforeMethod -->
        <test-method signature="verifySearchClient()[pri:1, instance:test.ClientsTest@6c284af]" started-at="2024-03-26T22:12:19 IST" name="verifySearchClient" finished-at="2024-03-26T22:12:20 IST" duration-ms="1679" status="PASS">
          <reporter-output>
          </reporter-output>
        </test-method> <!-- verifySearchClient -->
        <test-method is-config="true" signature="afterMethod(org.testng.ITestResult)[pri:0, instance:test.ClientsTest@6c284af]" started-at="2024-03-26T22:12:20 IST" name="afterMethod" finished-at="2024-03-26T22:12:21 IST" duration-ms="158" status="PASS">
          <params>
            <param index="0">
              <value>
                <![CDATA[[TestResult name=verifySearchClient status=SUCCESS method=ClientsTest.verifySearchClient()[pri:1, instance:test.ClientsTest@6c284af] output={null}]]]>
              </value>
            </param>
          </params>
          <reporter-output>
          </reporter-output>
        </test-method> <!-- afterMethod -->
      </class> <!-- test.ClientsTest -->
      <class name="test.ProjectsTest">
        <test-method is-config="true" signature="beforeMethod(java.lang.String)[pri:0, instance:test.ProjectsTest@7e057f43]" started-at="2024-03-26T22:11:45 IST" name="beforeMethod" finished-at="2024-03-26T22:11:47 IST" duration-ms="2661" status="PASS">
          <params>
            <param index="0">
              <value>
                <![CDATA[chrome]]>
              </value>
            </param>
          </params>
          <reporter-output>
          </reporter-output>
        </test-method> <!-- beforeMethod -->
        <test-method signature="verifyProjectsCreation()[pri:1, instance:test.ProjectsTest@7e057f43]" started-at="2024-03-26T22:11:47 IST" name="verifyProjectsCreation" finished-at="2024-03-26T22:11:50 IST" duration-ms="2963" status="PASS">
          <reporter-output>
          </reporter-output>
        </test-method> <!-- verifyProjectsCreation -->
        <test-method is-config="true" signature="afterMethod(org.testng.ITestResult)[pri:0, instance:test.ProjectsTest@7e057f43]" started-at="2024-03-26T22:11:50 IST" name="afterMethod" finished-at="2024-03-26T22:11:51 IST" duration-ms="142" status="PASS">
          <params>
            <param index="0">
              <value>
                <![CDATA[[TestResult name=verifyProjectsCreation status=SUCCESS method=ProjectsTest.verifyProjectsCreation()[pri:1, instance:test.ProjectsTest@7e057f43] output={null}]]]>
              </value>
            </param>
          </params>
          <reporter-output>
          </reporter-output>
        </test-method> <!-- afterMethod -->
        <test-method is-config="true" signature="beforeMethod(java.lang.String)[pri:0, instance:test.ProjectsTest@7e057f43]" started-at="2024-03-26T22:11:51 IST" name="beforeMethod" finished-at="2024-03-26T22:11:53 IST" duration-ms="2525" status="PASS">
          <params>
            <param index="0">
              <value>
                <![CDATA[chrome]]>
              </value>
            </param>
          </params>
          <reporter-output>
          </reporter-output>
        </test-method> <!-- beforeMethod -->
        <test-method signature="verifySearchProjects()[pri:2, instance:test.ProjectsTest@7e057f43]" started-at="2024-03-26T22:11:53 IST" name="verifySearchProjects" finished-at="2024-03-26T22:11:55 IST" duration-ms="2188" status="PASS">
          <reporter-output>
          </reporter-output>
        </test-method> <!-- verifySearchProjects -->
        <test-method is-config="true" signature="afterMethod(org.testng.ITestResult)[pri:0, instance:test.ProjectsTest@7e057f43]" started-at="2024-03-26T22:11:55 IST" name="afterMethod" finished-at="2024-03-26T22:11:55 IST" duration-ms="130" status="PASS">
          <params>
            <param index="0">
              <value>
                <![CDATA[[TestResult name=verifySearchProjects status=SUCCESS method=ProjectsTest.verifySearchProjects()[pri:2, instance:test.ProjectsTest@7e057f43] output={null}]]]>
              </value>
            </param>
          </params>
          <reporter-output>
          </reporter-output>
        </test-method> <!-- afterMethod -->
        <test-method is-config="true" signature="beforeMethod(java.lang.String)[pri:0, instance:test.ProjectsTest@7e057f43]" started-at="2024-03-26T22:11:55 IST" name="beforeMethod" finished-at="2024-03-26T22:11:58 IST" duration-ms="2884" status="PASS">
          <params>
            <param index="0">
              <value>
                <![CDATA[chrome]]>
              </value>
            </param>
          </params>
          <reporter-output>
          </reporter-output>
        </test-method> <!-- beforeMethod -->
        <test-method signature="verifyEditProjects()[pri:3, instance:test.ProjectsTest@7e057f43]" started-at="2024-03-26T22:11:58 IST" name="verifyEditProjects" finished-at="2024-03-26T22:12:02 IST" duration-ms="3887" status="PASS">
          <reporter-output>
          </reporter-output>
        </test-method> <!-- verifyEditProjects -->
        <test-method is-config="true" signature="afterMethod(org.testng.ITestResult)[pri:0, instance:test.ProjectsTest@7e057f43]" started-at="2024-03-26T22:12:02 IST" name="afterMethod" finished-at="2024-03-26T22:12:02 IST" duration-ms="122" status="PASS">
          <params>
            <param index="0">
              <value>
                <![CDATA[[TestResult name=verifyEditProjects status=SUCCESS method=ProjectsTest.verifyEditProjects()[pri:3, instance:test.ProjectsTest@7e057f43] output={null}]]]>
              </value>
            </param>
          </params>
          <reporter-output>
          </reporter-output>
        </test-method> <!-- afterMethod -->
        <test-method is-config="true" signature="beforeMethod(java.lang.String)[pri:0, instance:test.ProjectsTest@7e057f43]" started-at="2024-03-26T22:12:02 IST" name="beforeMethod" finished-at="2024-03-26T22:12:06 IST" duration-ms="3797" status="PASS">
          <params>
            <param index="0">
              <value>
                <![CDATA[chrome]]>
              </value>
            </param>
          </params>
          <reporter-output>
          </reporter-output>
        </test-method> <!-- beforeMethod -->
        <test-method signature="verifyDeletecProjects()[pri:4, instance:test.ProjectsTest@7e057f43]" started-at="2024-03-26T22:12:06 IST" name="verifyDeletecProjects" finished-at="2024-03-26T22:12:10 IST" duration-ms="3745" status="PASS">
          <reporter-output>
          </reporter-output>
        </test-method> <!-- verifyDeletecProjects -->
        <test-method is-config="true" signature="afterMethod(org.testng.ITestResult)[pri:0, instance:test.ProjectsTest@7e057f43]" started-at="2024-03-26T22:12:10 IST" name="afterMethod" finished-at="2024-03-26T22:12:10 IST" duration-ms="128" status="PASS">
          <params>
            <param index="0">
              <value>
                <![CDATA[[TestResult name=verifyDeletecProjects status=SUCCESS method=ProjectsTest.verifyDeletecProjects()[pri:4, instance:test.ProjectsTest@7e057f43] output={null}]]]>
              </value>
            </param>
          </params>
          <reporter-output>
          </reporter-output>
        </test-method> <!-- afterMethod -->
      </class> <!-- test.ProjectsTest -->
    </test> <!-- Test -->
  </suite> <!-- Suite -->
</testng-results>
